\BOOKMARK [1][-]{section.1}{Introduction}{}
\BOOKMARK [2][-]{subsection.1.1}{Purpose}{section.1}
\BOOKMARK [2][-]{subsection.1.2}{Scope of the Project}{section.1}
\BOOKMARK [2][-]{subsection.1.3}{Definitions, Acronyms, Abbreviations \046 References}{section.1}
\BOOKMARK [2][-]{subsection.1.4}{Overview of the Document}{section.1}
\BOOKMARK [1][-]{section.2}{Overall Description}{}
\BOOKMARK [2][-]{subsection.2.1}{Product Perspective}{section.2}
\BOOKMARK [2][-]{subsection.2.2}{Product Functions}{section.2}
\BOOKMARK [2][-]{subsection.2.3}{User Characteristics}{section.2}
\BOOKMARK [2][-]{subsection.2.4}{General Constraints}{section.2}
\BOOKMARK [2][-]{subsection.2.5}{Assumptions \046 Dependencies}{section.2}
\BOOKMARK [1][-]{section.3}{Specific Requirements}{}
\BOOKMARK [2][-]{subsection.3.1}{External Interface Requirements}{section.3}
\BOOKMARK [3][-]{subsubsection.3.1.1}{User Interfaces}{subsection.3.1}
\BOOKMARK [3][-]{subsubsection.3.1.2}{Hardware Interfaces}{subsection.3.1}
\BOOKMARK [3][-]{subsubsection.3.1.3}{Software Interfaces}{subsection.3.1}
\BOOKMARK [3][-]{subsubsection.3.1.4}{Communication Interfaces}{subsection.3.1}
\BOOKMARK [2][-]{subsection.3.2}{Functional Requirements}{section.3}
\BOOKMARK [2][-]{subsection.3.3}{Performance Requirements}{section.3}
\BOOKMARK [2][-]{subsection.3.4}{Design Constraints}{section.3}
\BOOKMARK [2][-]{subsection.3.5}{Attributes}{section.3}
\BOOKMARK [3][-]{subsubsection.3.5.1}{Software Quality}{subsection.3.5}
\BOOKMARK [3][-]{subsubsection.3.5.2}{Business Rules}{subsection.3.5}
\BOOKMARK [3][-]{subsubsection.3.5.3}{Data Migration}{subsection.3.5}
\BOOKMARK [2][-]{subsection.3.6}{Other Requirements}{section.3}
